0 info it worked if it ends with ok
1 verbose cli [ '/home/smna/.nvm/versions/node/v6.6.0/bin/node',
1 verbose cli   '/home/smna/.nvm/versions/node/v6.6.0/bin/npm',
1 verbose cli   'start' ]
2 info using npm@3.10.7
3 info using node@v6.6.0
4 verbose run-script [ 'prestart', 'start', 'poststart' ]
5 info lifecycle bobby-king-react-template@1.0.0~prestart: bobby-king-react-template@1.0.0
6 silly lifecycle bobby-king-react-template@1.0.0~prestart: no script for prestart, continuing
7 info lifecycle bobby-king-react-template@1.0.0~start: bobby-king-react-template@1.0.0
8 verbose lifecycle bobby-king-react-template@1.0.0~start: unsafe-perm in lifecycle true
9 verbose lifecycle bobby-king-react-template@1.0.0~start: PATH: /home/smna/.nvm/versions/node/v6.6.0/lib/node_modules/npm/bin/node-gyp-bin:/home/smna/code/wdi/project-3/node_modules/.bin:/home/smna/bin:/home/smna/.nvm/versions/node/v6.6.0/bin:/home/smna/.rbenv/shims:/home/smna/.rbenv/bin:/usr/local/heroku/bin:/home/smna/bin:${PATH}:"/usr/local/sbin:/usr/local/bin:/usr/sbin:/usr/bin:/sbin:/bin:/usr/games:/usr/local/games":"/usr/local/android-studio/bin":/snap/bin:/usr/lib/jvm/java-8-oracle/bin:/usr/lib/jvm/java-8-oracle/db/bin:/usr/lib/jvm/java-8-oracle/jre/bin:/home/smna/.rvm/bin:/snap/bin:/usr/lib/jvm/java-8-oracle/bin:/usr/lib/jvm/java-8-oracle/db/bin:/usr/lib/jvm/java-8-oracle/jre/bin:/home/smna/.rvm/bin:/home/smna/bin:/home/smna/.rvm/bin
10 verbose lifecycle bobby-king-react-template@1.0.0~start: CWD: /home/smna/code/wdi/project-3
11 silly lifecycle bobby-king-react-template@1.0.0~start: Args: [ '-c', 'node server.js' ]
12 silly lifecycle bobby-king-react-template@1.0.0~start: Returned: code: 1  signal: null
13 info lifecycle bobby-king-react-template@1.0.0~start: Failed to exec start script
14 verbose stack Error: bobby-king-react-template@1.0.0 start: `node server.js`
14 verbose stack Exit status 1
14 verbose stack     at EventEmitter.<anonymous> (/home/smna/.nvm/versions/node/v6.6.0/lib/node_modules/npm/lib/utils/lifecycle.js:255:16)
14 verbose stack     at emitTwo (events.js:106:13)
14 verbose stack     at EventEmitter.emit (events.js:191:7)
14 verbose stack     at ChildProcess.<anonymous> (/home/smna/.nvm/versions/node/v6.6.0/lib/node_modules/npm/lib/utils/spawn.js:40:14)
14 verbose stack     at emitTwo (events.js:106:13)
14 verbose stack     at ChildProcess.emit (events.js:191:7)
14 verbose stack     at maybeClose (internal/child_process.js:877:16)
14 verbose stack     at Process.ChildProcess._handle.onexit (internal/child_process.js:226:5)
15 verbose pkgid bobby-king-react-template@1.0.0
16 verbose cwd /home/smna/code/wdi/project-3
17 error Linux 4.6.0-040600-generic
18 error argv "/home/smna/.nvm/versions/node/v6.6.0/bin/node" "/home/smna/.nvm/versions/node/v6.6.0/bin/npm" "start"
19 error node v6.6.0
20 error npm  v3.10.7
21 error code ELIFECYCLE
22 error bobby-king-react-template@1.0.0 start: `node server.js`
22 error Exit status 1
23 error Failed at the bobby-king-react-template@1.0.0 start script 'node server.js'.
23 error Make sure you have the latest version of node.js and npm installed.
23 error If you do, this is most likely a problem with the bobby-king-react-template package,
23 error not with npm itself.
23 error Tell the author that this fails on your system:
23 error     node server.js
23 error You can get information on how to open an issue for this project with:
23 error     npm bugs bobby-king-react-template
23 error Or if that isn't available, you can get their info via:
23 error     npm owner ls bobby-king-react-template
23 error There is likely additional logging output above.
24 verbose exit [ 1, true ]
